\BOOKMARK [0][-]{chapter.1}{Preambel}{}% 1
\BOOKMARK [0][-]{chapter.2}{Datenblatt}{}% 2
\BOOKMARK [1][-]{section.2.1}{Einsatzbereich}{chapter.2}% 3
\BOOKMARK [1][-]{section.2.2}{Features}{chapter.2}% 4
\BOOKMARK [1][-]{section.2.3}{Funktion}{chapter.2}% 5
\BOOKMARK [1][-]{section.2.4}{Blockschaltbild}{chapter.2}% 6
\BOOKMARK [1][-]{section.2.5}{Schnittstellen}{chapter.2}% 7
\BOOKMARK [1][-]{section.2.6}{Gate-Count}{chapter.2}% 8
\BOOKMARK [1][-]{section.2.7}{Timing-Diagramm}{chapter.2}% 9
\BOOKMARK [1][-]{section.2.8}{Leistungsabsch\344tzung}{chapter.2}% 10
\BOOKMARK [0][-]{chapter.3}{Spezifikation}{}% 11
\BOOKMARK [1][-]{section.3.1}{Register}{chapter.3}% 12
\BOOKMARK [2][-]{subsection.3.1.1}{RegA}{section.3.1}% 13
\BOOKMARK [2][-]{subsection.3.1.2}{RegB}{section.3.1}% 14
\BOOKMARK [2][-]{subsection.3.1.3}{AccuA}{section.3.1}% 15
\BOOKMARK [2][-]{subsection.3.1.4}{AccuB}{section.3.1}% 16
\BOOKMARK [2][-]{subsection.3.1.5}{CMD}{section.3.1}% 17
\BOOKMARK [2][-]{subsection.3.1.6}{Flags}{section.3.1}% 18
\BOOKMARK [1][-]{section.3.2}{Modul-Beschreibung}{chapter.3}% 19
\BOOKMARK [2][-]{subsection.3.2.1}{74181}{section.3.2}% 20
\BOOKMARK [2][-]{subsection.3.2.2}{MUL-4}{section.3.2}% 21
\BOOKMARK [2][-]{subsection.3.2.3}{Barrel-Shifter-8}{section.3.2}% 22
\BOOKMARK [2][-]{subsection.3.2.4}{Bi-Reg-n}{section.3.2}% 23
\BOOKMARK [2][-]{subsection.3.2.5}{Uni-Reg-n}{section.3.2}% 24
\BOOKMARK [2][-]{subsection.3.2.6}{MUX-nxm}{section.3.2}% 25
\BOOKMARK [2][-]{subsection.3.2.7}{MC-PROM}{section.3.2}% 26
\BOOKMARK [1][-]{section.3.3}{Detailblockschaltbild}{chapter.3}% 27
